<?xml version="1.0" encoding="UTF-8"?>
<!-- Generated by org.testng.reporters.JUnitReportReporter -->
<testsuite hostname="arju" failures="0" tests="1" name="cucumber.runner.CucumberTestRunner" time="31.471" errors="0" timestamp="2025-09-08T15:01:18 IST" skipped="0">
  <testcase classname="cucumber.runner.CucumberTestRunner" name="runScenario" time="31.471"/>
</testsuite> <!-- cucumber.runner.CucumberTestRunner -->
