<?xml version="1.0" encoding="UTF-8"?>
<!-- Generated by org.testng.reporters.JUnitReportReporter -->
<testsuite hostname="arju" failures="0" tests="6" name="tests.RegistrationLogin" time="34.803" errors="0" timestamp="2025-09-08T15:11:53 IST" skipped="0">
  <testcase classname="tests.RegistrationLogin" name="testRegistration" time="14.953"/>
  <testcase classname="tests.RegistrationLogin" name="testRegistration" time="4.048"/>
  <testcase classname="tests.RegistrationLogin" name="testRegistration" time="4.581"/>
  <testcase classname="tests.RegistrationLogin" name="testLogin" time="3.635"/>
  <testcase classname="tests.RegistrationLogin" name="testLogin" time="3.410"/>
  <testcase classname="tests.RegistrationLogin" name="testLogin" time="4.176"/>
</testsuite> <!-- tests.RegistrationLogin -->
