<?xml version="1.0" encoding="UTF-8"?>
<!-- Generated by org.testng.reporters.JUnitReportReporter -->
<testsuite hostname="arju" failures="0" tests="1" name="tests.WishlistToCartTest" time="11.046" errors="0" timestamp="2025-09-08T15:11:53 IST" skipped="0">
  <testcase classname="tests.WishlistToCartTest" name="testWishlistToCart" time="11.046"/>
</testsuite> <!-- tests.WishlistToCartTest -->
