<?xml version="1.0" encoding="UTF-8"?>
<!-- Generated by org.testng.reporters.JUnitReportReporter -->
<testsuite hostname="arju" failures="0" tests="8" name="tests.CategoryAndCheckoutTest" time="47.703" errors="0" timestamp="2025-09-08T15:11:53 IST" skipped="0">
  <testcase classname="tests.CategoryAndCheckoutTest" name="addComputerProduct" time="10.745"/>
  <testcase classname="tests.CategoryAndCheckoutTest" name="addElectronicsProduct" time="4.565"/>
  <testcase classname="tests.CategoryAndCheckoutTest" name="addApparelProduct" time="4.566"/>
  <testcase classname="tests.CategoryAndCheckoutTest" name="addDigitalDownloadProduct" time="3.383"/>
  <testcase classname="tests.CategoryAndCheckoutTest" name="addBooksProduct" time="3.815"/>
  <testcase classname="tests.CategoryAndCheckoutTest" name="addJewelryRentalProduct" time="4.393"/>
  <testcase classname="tests.CategoryAndCheckoutTest" name="addVirtualGiftCardProduct" time="4.062"/>
  <testcase classname="tests.CategoryAndCheckoutTest" name="checkoutAllProducts" time="12.174"/>
</testsuite> <!-- tests.CategoryAndCheckoutTest -->
