<?xml version="1.0" encoding="UTF-8"?>
<!-- Generated by org.testng.reporters.JUnitReportReporter -->
<testsuite hostname="arju" failures="0" tests="7" name="tests.CategoryTests" time="58.722" errors="0" timestamp="2025-09-07T21:09:14 IST" skipped="0">
  <testcase classname="tests.CategoryTests" name="addComputerProduct" time="9.571"/>
  <testcase classname="tests.CategoryTests" name="addElectronicsProduct" time="5.697"/>
  <testcase classname="tests.CategoryTests" name="addApparelProduct" time="6.754"/>
  <testcase classname="tests.CategoryTests" name="addDigitalDownloadProduct" time="4.515"/>
  <testcase classname="tests.CategoryTests" name="addBooksProduct" time="16.879"/>
  <testcase classname="tests.CategoryTests" name="addJewelryRentalProduct" time="7.424"/>
  <testcase classname="tests.CategoryTests" name="addVirtualGiftCardProduct" time="7.882"/>
</testsuite> <!-- tests.CategoryTests -->
