<?xml version="1.0" encoding="UTF-8"?>
<!-- Generated by org.testng.reporters.JUnitReportReporter -->
<testsuite hostname="arju" failures="0" tests="1" name="tests.RegistrationandLogin" time="31.495" errors="0" timestamp="2025-09-01T16:00:52 IST" skipped="0">
  <testcase classname="tests.RegistrationandLogin" name="testAddNikeMintShoeToCart" time="31.495"/>
</testsuite> <!-- tests.RegistrationandLogin -->
